build/app/intermediates/manifest_merge_blame_file/debug/manifest-merger-blame-debug-report.txt
1<?xml version="1.0" encoding="utf-8"?>
2<manifest xmlns:android="http://schemas.android.com/apk/res/android"
3    package="com.example.bloomzon"
4    android:versionCode="1"
5    android:versionName="1.0.0" >
6
7    <uses-sdk
8        android:minSdkVersion="21"
9        android:targetSdkVersion="30" />
10    <!--
11         Flutter needs it to communicate with the running application
12         to allow setting breakpoints, to provide hot reload, etc.
13    -->
14    <uses-permission android:name="android.permission.INTERNET" />
14-->src\debug\AndroidManifest.xml:6:5-66
14-->src\debug\AndroidManifest.xml:6:22-64
15    <uses-permission android:name="android.permission.READ_EXTERNAL_STORAGE" />
15-->[:image_picker] AndroidManifest.xml:7:5-80
15-->[:image_picker] AndroidManifest.xml:7:22-77
16    <uses-permission android:name="android.permission.WRITE_EXTERNAL_STORAGE" />
16-->[:image_picker] AndroidManifest.xml:8:5-81
16-->[:image_picker] AndroidManifest.xml:8:22-78
17    <uses-permission android:name="android.permission.ACCESS_COARSE_LOCATION" />
17-->[:location] AndroidManifest.xml:7:5-81
17-->[:location] AndroidManifest.xml:7:22-78
18    <uses-permission android:name="android.permission.ACCESS_FINE_LOCATION" />
18-->[:location] AndroidManifest.xml:8:5-79
18-->[:location] AndroidManifest.xml:8:22-76
19    <uses-permission android:name="android.permission.CAMERA" />
19-->[:barcode_scan_fix] AndroidManifest.xml:11:5-65
19-->[:barcode_scan_fix] AndroidManifest.xml:11:22-62
20    <uses-permission android:name="android.permission.RECORD_AUDIO" /> <!-- Include required permissions for Google Maps API to run. -->
20-->[:images_picker] AndroidManifest.xml:10:5-71
20-->[:images_picker] AndroidManifest.xml:10:22-68
21    <uses-permission android:name="android.permission.ACCESS_NETWORK_STATE" />
21-->[com.google.android.gms:play-services-maps:17.0.0] AndroidManifest.xml:23:5-79
21-->[com.google.android.gms:play-services-maps:17.0.0] AndroidManifest.xml:23:22-76
22
23    <uses-feature
23-->[com.google.android.gms:play-services-maps:17.0.0] AndroidManifest.xml:26:5-28:35
24        android:glEsVersion="0x00020000"
24-->[com.google.android.gms:play-services-maps:17.0.0] AndroidManifest.xml:27:9-41
25        android:required="true" /> <!-- 适配Android R包可见性 开始 -->
25-->[com.google.android.gms:play-services-maps:17.0.0] AndroidManifest.xml:28:9-32
26    <queries package="com.example.bloomzon" >
26-->[com.github.LuckSiege.PictureSelector:picture_library:v2.6.1] AndroidManifest.xml:14:5-21:15
26-->[com.github.LuckSiege.PictureSelector:picture_library:v2.6.1] AndroidManifest.xml:14:14-40
27        <intent>
27-->[com.github.LuckSiege.PictureSelector:picture_library:v2.6.1] AndroidManifest.xml:15:9-17:18
28            <action android:name="android.media.action.IMAGE_CAPTURE" />
28-->[com.github.LuckSiege.PictureSelector:picture_library:v2.6.1] AndroidManifest.xml:16:13-73
28-->[com.github.LuckSiege.PictureSelector:picture_library:v2.6.1] AndroidManifest.xml:16:21-70
29        </intent>
30        <intent>
30-->[com.github.LuckSiege.PictureSelector:picture_library:v2.6.1] AndroidManifest.xml:18:9-20:18
31            <action android:name="android.media.action.ACTION_VIDEO_CAPTURE" />
31-->[com.github.LuckSiege.PictureSelector:picture_library:v2.6.1] AndroidManifest.xml:19:13-80
31-->[com.github.LuckSiege.PictureSelector:picture_library:v2.6.1] AndroidManifest.xml:19:21-77
32        </intent>
33    </queries>
34
35    <application
35-->src\main\AndroidManifest.xml:3:4-43:19
36        android:appComponentFactory="androidx.core.app.CoreComponentFactory"
36-->[androidx.core:core:1.3.2] AndroidManifest.xml:24:18-86
37        android:debuggable="true"
38        android:icon="@mipmap/ic_launcher"
38-->src\main\AndroidManifest.xml:5:9-43
39        android:label="bloomzon" >
39-->src\main\AndroidManifest.xml:4:9-33
40        <meta-data
40-->src\main\AndroidManifest.xml:6:8-7:69
41            android:name="com.google.android.geo.API_KEY"
41-->src\main\AndroidManifest.xml:6:19-64
42            android:value="AIzaSyC6lnleo000eJ3D4Bb63zLudo_GglfrOBQ" />
42-->src\main\AndroidManifest.xml:7:12-67
43
44        <activity
44-->src\main\AndroidManifest.xml:9:9-37:20
45            android:name="com.example.bloomzon.MainActivity"
45-->src\main\AndroidManifest.xml:10:13-41
46            android:configChanges="orientation|keyboardHidden|keyboard|screenSize|smallestScreenSize|locale|layoutDirection|fontScale|screenLayout|density|uiMode"
46-->src\main\AndroidManifest.xml:13:13-163
47            android:hardwareAccelerated="true"
47-->src\main\AndroidManifest.xml:14:13-47
48            android:launchMode="singleTop"
48-->src\main\AndroidManifest.xml:11:13-43
49            android:theme="@style/LaunchTheme"
49-->src\main\AndroidManifest.xml:12:13-47
50            android:windowSoftInputMode="adjustResize" >
50-->src\main\AndroidManifest.xml:15:13-55
51
52            <!--
53                 Specifies an Android theme to apply to this Activity as soon as
54                 the Android process has started. This theme is visible to the user
55                 while the Flutter UI initializes. After that, this theme continues
56                 to determine the Window background behind the Flutter UI.
57            -->
58            <meta-data
58-->src\main\AndroidManifest.xml:20:13-23:17
59                android:name="io.flutter.embedding.android.NormalTheme"
59-->src\main\AndroidManifest.xml:21:15-70
60                android:resource="@style/NormalTheme" />
60-->src\main\AndroidManifest.xml:22:15-52
61            <!--
62                 Displays an Android View that continues showing the launch screen
63                 Drawable until Flutter paints its first frame, then this splash
64                 screen fades out. A splash screen is useful to avoid any visual
65                 gap between the end of Android's launch screen and the painting of
66                 Flutter's first frame.
67            -->
68            <meta-data
68-->src\main\AndroidManifest.xml:29:13-32:17
69                android:name="io.flutter.embedding.android.SplashScreenDrawable"
69-->src\main\AndroidManifest.xml:30:15-79
70                android:resource="@drawable/launch_background" />
70-->src\main\AndroidManifest.xml:31:15-61
71
72            <intent-filter>
72-->src\main\AndroidManifest.xml:33:13-36:29
73                <action android:name="android.intent.action.MAIN" />
73-->src\main\AndroidManifest.xml:34:17-68
73-->src\main\AndroidManifest.xml:34:25-66
74
75                <category android:name="android.intent.category.LAUNCHER" />
75-->src\main\AndroidManifest.xml:35:17-76
75-->src\main\AndroidManifest.xml:35:27-74
76            </intent-filter>
77        </activity>
78        <!--
79             Don't delete the meta-data below.
80             This is used by the Flutter tool to generate GeneratedPluginRegistrant.java
81        -->
82        <meta-data
82-->src\main\AndroidManifest.xml:40:9-42:33
83            android:name="flutterEmbedding"
83-->src\main\AndroidManifest.xml:41:13-44
84            android:value="2" />
84-->src\main\AndroidManifest.xml:42:13-30
85
86        <provider
86-->[:image_picker] AndroidManifest.xml:11:9-19:20
87            android:name="io.flutter.plugins.imagepicker.ImagePickerFileProvider"
87-->[:image_picker] AndroidManifest.xml:12:13-82
88            android:authorities="com.example.bloomzon.flutter.image_provider"
88-->[:image_picker] AndroidManifest.xml:13:13-74
89            android:exported="false"
89-->[:image_picker] AndroidManifest.xml:14:13-37
90            android:grantUriPermissions="true" >
90-->[:image_picker] AndroidManifest.xml:15:13-47
91            <meta-data
91-->[:image_picker] AndroidManifest.xml:16:13-18:75
92                android:name="android.support.FILE_PROVIDER_PATHS"
92-->[:image_picker] AndroidManifest.xml:17:17-67
93                android:resource="@xml/flutter_image_picker_file_paths" />
93-->[:image_picker] AndroidManifest.xml:18:17-72
94        </provider>
95
96        <service
96-->[:location] AndroidManifest.xml:11:9-15:56
97            android:name="com.lyokone.location.FlutterLocationService"
97-->[:location] AndroidManifest.xml:12:13-71
98            android:enabled="true"
98-->[:location] AndroidManifest.xml:13:13-35
99            android:exported="false"
99-->[:location] AndroidManifest.xml:14:13-37
100            android:foregroundServiceType="location" />
100-->[:location] AndroidManifest.xml:15:13-53
101
102        <activity android:name="com.apptreesoftware.barcodescan.BarcodeScannerActivity" /> <!-- Needs to be explicitly declared on P+ -->
102-->[:barcode_scan_fix] AndroidManifest.xml:14:9-91
102-->[:barcode_scan_fix] AndroidManifest.xml:14:19-88
103        <uses-library
103-->[com.google.android.gms:play-services-maps:17.0.0] AndroidManifest.xml:33:9-35:40
104            android:name="org.apache.http.legacy"
104-->[com.google.android.gms:play-services-maps:17.0.0] AndroidManifest.xml:34:13-50
105            android:required="false" />
105-->[com.google.android.gms:play-services-maps:17.0.0] AndroidManifest.xml:35:13-37
106
107        <activity
107-->[com.google.android.gms:play-services-base:17.0.0] AndroidManifest.xml:23:9-26:75
108            android:name="com.google.android.gms.common.api.GoogleApiActivity"
108-->[com.google.android.gms:play-services-base:17.0.0] AndroidManifest.xml:24:13-79
109            android:exported="false"
109-->[com.google.android.gms:play-services-base:17.0.0] AndroidManifest.xml:25:13-37
110            android:theme="@android:style/Theme.Translucent.NoTitleBar" />
110-->[com.google.android.gms:play-services-base:17.0.0] AndroidManifest.xml:26:13-72
111
112        <meta-data
112-->[com.google.android.gms:play-services-basement:17.0.0] AndroidManifest.xml:23:9-25:69
113            android:name="com.google.android.gms.version"
113-->[com.google.android.gms:play-services-basement:17.0.0] AndroidManifest.xml:24:13-58
114            android:value="@integer/google_play_services_version" />
114-->[com.google.android.gms:play-services-basement:17.0.0] AndroidManifest.xml:25:13-66
115
116        <provider
116-->[com.github.LuckSiege.PictureSelector:picture_library:v2.6.1] AndroidManifest.xml:25:9-33:20
117            android:name="com.luck.picture.lib.PictureFileProvider"
117-->[com.github.LuckSiege.PictureSelector:picture_library:v2.6.1] AndroidManifest.xml:26:13-68
118            android:authorities="com.example.bloomzon.luckProvider"
118-->[com.github.LuckSiege.PictureSelector:picture_library:v2.6.1] AndroidManifest.xml:27:13-64
119            android:exported="false"
119-->[com.github.LuckSiege.PictureSelector:picture_library:v2.6.1] AndroidManifest.xml:28:13-37
120            android:grantUriPermissions="true" >
120-->[com.github.LuckSiege.PictureSelector:picture_library:v2.6.1] AndroidManifest.xml:29:13-47
121            <meta-data
121-->[:image_picker] AndroidManifest.xml:16:13-18:75
122                android:name="android.support.FILE_PROVIDER_PATHS"
122-->[:image_picker] AndroidManifest.xml:17:17-67
123                android:resource="@xml/file_paths" />
123-->[:image_picker] AndroidManifest.xml:18:17-72
124        </provider>
125
126        <activity
126-->[com.github.LuckSiege.PictureSelector:picture_library:v2.6.1] AndroidManifest.xml:35:9-37:77
127            android:name="com.luck.picture.lib.PictureSelectorActivity"
127-->[com.github.LuckSiege.PictureSelector:picture_library:v2.6.1] AndroidManifest.xml:36:13-72
128            android:configChanges="orientation|keyboardHidden|screenSize" />
128-->[com.github.LuckSiege.PictureSelector:picture_library:v2.6.1] AndroidManifest.xml:37:13-74
129        <activity
129-->[com.github.LuckSiege.PictureSelector:picture_library:v2.6.1] AndroidManifest.xml:38:9-40:77
130            android:name="com.luck.picture.lib.PictureSelectorWeChatStyleActivity"
130-->[com.github.LuckSiege.PictureSelector:picture_library:v2.6.1] AndroidManifest.xml:39:13-83
131            android:configChanges="orientation|keyboardHidden|screenSize" />
131-->[com.github.LuckSiege.PictureSelector:picture_library:v2.6.1] AndroidManifest.xml:40:13-74
132        <activity
132-->[com.github.LuckSiege.PictureSelector:picture_library:v2.6.1] AndroidManifest.xml:41:9-44:64
133            android:name="com.luck.picture.lib.PictureSelectorCameraEmptyActivity"
133-->[com.github.LuckSiege.PictureSelector:picture_library:v2.6.1] AndroidManifest.xml:42:13-83
134            android:configChanges="orientation|keyboardHidden|screenSize"
134-->[com.github.LuckSiege.PictureSelector:picture_library:v2.6.1] AndroidManifest.xml:43:13-74
135            android:theme="@style/Picture.Theme.Translucent" />
135-->[com.github.LuckSiege.PictureSelector:picture_library:v2.6.1] AndroidManifest.xml:44:13-61
136        <activity
136-->[com.github.LuckSiege.PictureSelector:picture_library:v2.6.1] AndroidManifest.xml:45:9-47:77
137            android:name="com.luck.picture.lib.PictureCustomCameraActivity"
137-->[com.github.LuckSiege.PictureSelector:picture_library:v2.6.1] AndroidManifest.xml:46:13-76
138            android:configChanges="orientation|keyboardHidden|screenSize" />
138-->[com.github.LuckSiege.PictureSelector:picture_library:v2.6.1] AndroidManifest.xml:47:13-74
139        <activity
139-->[com.github.LuckSiege.PictureSelector:picture_library:v2.6.1] AndroidManifest.xml:48:9-50:77
140            android:name="com.luck.picture.lib.PicturePreviewActivity"
140-->[com.github.LuckSiege.PictureSelector:picture_library:v2.6.1] AndroidManifest.xml:49:13-71
141            android:configChanges="orientation|keyboardHidden|screenSize" />
141-->[com.github.LuckSiege.PictureSelector:picture_library:v2.6.1] AndroidManifest.xml:50:13-74
142        <activity
142-->[com.github.LuckSiege.PictureSelector:picture_library:v2.6.1] AndroidManifest.xml:51:9-53:77
143            android:name="com.luck.picture.lib.PictureSelectorPreviewWeChatStyleActivity"
143-->[com.github.LuckSiege.PictureSelector:picture_library:v2.6.1] AndroidManifest.xml:52:13-90
144            android:configChanges="orientation|keyboardHidden|screenSize" />
144-->[com.github.LuckSiege.PictureSelector:picture_library:v2.6.1] AndroidManifest.xml:53:13-74
145        <activity
145-->[com.github.LuckSiege.PictureSelector:picture_library:v2.6.1] AndroidManifest.xml:54:9-57:50
146            android:name="com.luck.picture.lib.PictureVideoPlayActivity"
146-->[com.github.LuckSiege.PictureSelector:picture_library:v2.6.1] AndroidManifest.xml:55:13-73
147            android:configChanges="orientation|keyboardHidden|screenSize"
147-->[com.github.LuckSiege.PictureSelector:picture_library:v2.6.1] AndroidManifest.xml:56:13-74
148            android:screenOrientation="sensor" />
148-->[com.github.LuckSiege.PictureSelector:picture_library:v2.6.1] AndroidManifest.xml:57:13-47
149        <activity
149-->[com.github.LuckSiege.PictureSelector:picture_library:v2.6.1] AndroidManifest.xml:58:9-60:77
150            android:name="com.luck.picture.lib.PictureExternalPreviewActivity"
150-->[com.github.LuckSiege.PictureSelector:picture_library:v2.6.1] AndroidManifest.xml:59:13-79
151            android:configChanges="orientation|keyboardHidden|screenSize" />
151-->[com.github.LuckSiege.PictureSelector:picture_library:v2.6.1] AndroidManifest.xml:60:13-74
152        <activity
152-->[com.github.LuckSiege.PictureSelector:picture_library:v2.6.1] AndroidManifest.xml:61:9-63:77
153            android:name="com.luck.picture.lib.PicturePlayAudioActivity"
153-->[com.github.LuckSiege.PictureSelector:picture_library:v2.6.1] AndroidManifest.xml:62:13-73
154            android:configChanges="orientation|keyboardHidden|screenSize" />
154-->[com.github.LuckSiege.PictureSelector:picture_library:v2.6.1] AndroidManifest.xml:63:13-74
155        <activity
155-->[com.github.LuckSiege.PictureSelector:picture_library:v2.6.1] AndroidManifest.xml:64:9-66:61
156            android:name="com.yalantis.ucrop.UCropActivity"
156-->[com.github.LuckSiege.PictureSelector:picture_library:v2.6.1] AndroidManifest.xml:65:13-60
157            android:theme="@style/Base.Theme.NoActionBar" />
157-->[com.github.LuckSiege.PictureSelector:picture_library:v2.6.1] AndroidManifest.xml:66:13-58
158        <activity
158-->[com.github.LuckSiege.PictureSelector:picture_library:v2.6.1] AndroidManifest.xml:67:9-69:61
159            android:name="com.yalantis.ucrop.PictureMultiCuttingActivity"
159-->[com.github.LuckSiege.PictureSelector:picture_library:v2.6.1] AndroidManifest.xml:68:13-74
160            android:theme="@style/Base.Theme.NoActionBar" />
160-->[com.github.LuckSiege.PictureSelector:picture_library:v2.6.1] AndroidManifest.xml:69:13-58
161    </application>
162
163</manifest>